<?xml version="1.0" encoding="UTF-8"?>
<testng-results ignored="0" total="1" passed="1" failed="0" skipped="0">
  <reporter-output>
  </reporter-output>
  <suite started-at="2024-12-05T00:06:08 IST" name="Surefire suite" finished-at="2024-12-05T00:06:12 IST" duration-ms="4838">
    <groups>
    </groups>
    <test started-at="2024-12-05T00:06:08 IST" name="Surefire test" finished-at="2024-12-05T00:06:12 IST" duration-ms="4838">
      <class name="com.seleniumtest.tests.ExecutionTest">
        <test-method is-config="true" signature="start()[pri:0, instance:com.seleniumtest.tests.ExecutionTest@f736069]" started-at="2024-12-05T00:06:08 IST" name="start" finished-at="2024-12-05T00:06:12 IST" duration-ms="4286" status="PASS">
          <reporter-output>
          </reporter-output>
        </test-method> <!-- start -->
        <test-method signature="verifyLoginTest()[pri:0, instance:com.seleniumtest.tests.ExecutionTest@f736069]" started-at="2024-12-05T00:06:12 IST" name="verifyLoginTest" finished-at="2024-12-05T00:06:12 IST" duration-ms="322" status="PASS">
          <reporter-output>
          </reporter-output>
        </test-method> <!-- verifyLoginTest -->
        <test-method is-config="true" signature="end()[pri:0, instance:com.seleniumtest.tests.ExecutionTest@f736069]" started-at="2024-12-05T00:06:12 IST" name="end" finished-at="2024-12-05T00:06:12 IST" duration-ms="173" status="PASS">
          <reporter-output>
          </reporter-output>
        </test-method> <!-- end -->
      </class> <!-- com.seleniumtest.tests.ExecutionTest -->
    </test> <!-- Surefire test -->
  </suite> <!-- Surefire suite -->
</testng-results>
