<?xml version="1.0" encoding="UTF-8"?>
<testng-results ignored="0" total="1" passed="1" failed="0" skipped="0">
  <reporter-output>
  </reporter-output>
  <suite started-at="2024-12-04T00:09:05 IST" name="Default suite" finished-at="2024-12-04T00:09:11 IST" duration-ms="5364">
    <groups>
    </groups>
    <test started-at="2024-12-04T00:09:05 IST" name="Default test" finished-at="2024-12-04T00:09:11 IST" duration-ms="5364">
      <class name="com.seleniumtest.tests.ExecutionTest">
        <test-method is-config="true" signature="start()[pri:0, instance:com.seleniumtest.tests.ExecutionTest@6bbe85a8]" started-at="2024-12-04T00:09:05 IST" name="start" finished-at="2024-12-04T00:09:10 IST" duration-ms="4731" status="PASS">
          <reporter-output>
          </reporter-output>
        </test-method> <!-- start -->
        <test-method signature="verifyLoginTest()[pri:0, instance:com.seleniumtest.tests.ExecutionTest@6bbe85a8]" started-at="2024-12-04T00:09:10 IST" name="verifyLoginTest" finished-at="2024-12-04T00:09:10 IST" duration-ms="363" status="PASS">
          <reporter-output>
          </reporter-output>
        </test-method> <!-- verifyLoginTest -->
        <test-method is-config="true" signature="end()[pri:0, instance:com.seleniumtest.tests.ExecutionTest@6bbe85a8]" started-at="2024-12-04T00:09:10 IST" name="end" finished-at="2024-12-04T00:09:11 IST" duration-ms="214" status="PASS">
          <reporter-output>
          </reporter-output>
        </test-method> <!-- end -->
      </class> <!-- com.seleniumtest.tests.ExecutionTest -->
    </test> <!-- Default test -->
  </suite> <!-- Default suite -->
</testng-results>
